<?xml version="1.0" encoding="UTF-8"?>
<!-- Generated by org.testng.reporters.JUnitXMLReporter -->
<testsuite hostname="LAPTOP-EFQTUH64" ignored="0" name="Surefire test" tests="5" failures="0" timestamp="2022-05-04T12:32:21 IST" time="0.027" errors="0">
  <testcase name="demo1" time="0.003" classname="org.seleniumhq.selenium.MavenJava.SeleniumTest"/>
  <testcase name="demo2" time="0.0" classname="org.seleniumhq.selenium.MavenJava.SeleniumTest"/>
  <testcase name="demo3" time="0.001" classname="org.seleniumhq.selenium.MavenJava.SeleniumTest"/>
  <testcase name="demo4" time="0.0" classname="org.seleniumhq.selenium.MavenJava.SeleniumTest"/>
  <testcase name="demo5" time="0.0" classname="org.seleniumhq.selenium.MavenJava.SeleniumTest"/>
</testsuite> <!-- Surefire test -->
