<?xml version="1.0" encoding="UTF-8"?>
<!-- Generated by org.testng.reporters.JUnitXMLReporter -->
<testsuite hostname="LAPTOP-EFQTUH64" ignored="1" name="Test" tests="4" failures="0" timestamp="2022-05-04T14:55:44 IST" time="0.031" errors="0">
  <testcase name="demo1" time="0.002" classname="org.seleniumhq.selenium.MavenJava.SeleniumTest"/>
  <testcase name="demo2" time="0.0" classname="org.seleniumhq.selenium.MavenJava.SeleniumTest"/>
  <testcase name="demo3" time="0.0" classname="org.seleniumhq.selenium.MavenJava.SeleniumTest"/>
  <testcase name="demo4" time="0.0" classname="org.seleniumhq.selenium.MavenJava.SeleniumTest"/>
  <testcase name="demo5" time="0.0" classname="org.seleniumhq.selenium.MavenJava.SeleniumTest">
    <ignored/>
  </testcase> <!-- demo5 -->
</testsuite> <!-- Test -->
