<?xml version="1.0" encoding="UTF-8"?>
<testng-results skipped="0" failed="0" ignored="1" total="5" passed="4">
  <reporter-output>
  </reporter-output>
  <suite name="Suite" duration-ms="29" started-at="2022-05-04T13:35:33 IST" finished-at="2022-05-04T13:35:33 IST">
    <groups>
    </groups>
    <test name="Test" duration-ms="29" started-at="2022-05-04T13:35:33 IST" finished-at="2022-05-04T13:35:33 IST">
      <class name="org.seleniumhq.selenium.MavenJava.SeleniumTest">
        <test-method status="PASS" signature="demo1()[pri:0, instance:org.seleniumhq.selenium.MavenJava.SeleniumTest@11438d26]" name="demo1" duration-ms="5" started-at="2022-05-04T13:35:33 IST" finished-at="2022-05-04T13:35:33 IST">
          <reporter-output>
          </reporter-output>
        </test-method> <!-- demo1 -->
        <test-method status="PASS" signature="demo2()[pri:0, instance:org.seleniumhq.selenium.MavenJava.SeleniumTest@11438d26]" name="demo2" duration-ms="0" started-at="2022-05-04T13:35:33 IST" finished-at="2022-05-04T13:35:33 IST">
          <reporter-output>
          </reporter-output>
        </test-method> <!-- demo2 -->
        <test-method status="PASS" signature="demo4()[pri:0, instance:org.seleniumhq.selenium.MavenJava.SeleniumTest@11438d26]" name="demo4" duration-ms="0" started-at="2022-05-04T13:35:33 IST" finished-at="2022-05-04T13:35:33 IST">
          <reporter-output>
          </reporter-output>
        </test-method> <!-- demo4 -->
        <test-method status="PASS" signature="demo3()[pri:0, instance:org.seleniumhq.selenium.MavenJava.SeleniumTest@11438d26]" name="demo3" duration-ms="0" started-at="2022-05-04T13:35:33 IST" finished-at="2022-05-04T13:35:33 IST">
          <reporter-output>
          </reporter-output>
        </test-method> <!-- demo3 -->
      </class> <!-- org.seleniumhq.selenium.MavenJava.SeleniumTest -->
    </test> <!-- Test -->
  </suite> <!-- Suite -->
</testng-results>
